EDA Netlist Writer report for V1
Sat Sep 01 14:28:51 2018
Quartus Prime Version 17.0.0 Build 595 04/25/2017 SJ Lite Edition


---------------------
; Table of Contents ;
---------------------
  1. Legal Notice
  2. EDA Netlist Writer Summary
  3. Simulation Settings
  4. Simulation Generated Files
  5. EDA Netlist Writer Messages



----------------
; Legal Notice ;
----------------
Copyright (C) 2017  Intel Corporation. All rights reserved.
Your use of Intel Corporation's design tools, logic functions 
and other software and tools, and its AMPP partner logic 
functions, and any output files from any of the foregoing 
(including device programming or simulation files), and any 
associated documentation or information are expressly subject 
to the terms and conditions of the Intel Program License 
Subscription Agreement, the Intel Quartus Prime License Agreement,
the Intel MegaCore Function License Agreement, or other 
applicable license agreement, including, without limitation, 
that your use is for the sole purpose of programming logic 
devices manufactured by Intel and sold by Intel or its 
authorized distributors.  Please refer to the applicable 
agreement for further details.



+-------------------------------------------------------------------+
; EDA Netlist Writer Summary                                        ;
+---------------------------+---------------------------------------+
; EDA Netlist Writer Status ; Successful - Sat Sep 01 14:28:51 2018 ;
; Revision Name             ; V1                                    ;
; Top-level Entity Name     ; createSongs                           ;
; Family                    ; Cyclone V                             ;
; Simulation Files Creation ; Successful                            ;
+---------------------------+---------------------------------------+


+-------------------------------------------------------------------------------------------------------------------------------+
; Simulation Settings                                                                                                           ;
+---------------------------------------------------------------------------------------------------+---------------------------+
; Option                                                                                            ; Setting                   ;
+---------------------------------------------------------------------------------------------------+---------------------------+
; Tool Name                                                                                         ; ModelSim-Altera (Verilog) ;
; Generate functional simulation netlist                                                            ; On                        ;
; Truncate long hierarchy paths                                                                     ; Off                       ;
; Map illegal HDL characters                                                                        ; Off                       ;
; Flatten buses into individual nodes                                                               ; Off                       ;
; Maintain hierarchy                                                                                ; Off                       ;
; Bring out device-wide set/reset signals as ports                                                  ; Off                       ;
; Enable glitch filtering                                                                           ; Off                       ;
; Do not write top level VHDL entity                                                                ; Off                       ;
; Disable detection of setup and hold time violations in the input registers of bi-directional pins ; Off                       ;
; Architecture name in VHDL output netlist                                                          ; structure                 ;
; Generate third-party EDA tool command script for RTL functional simulation                        ; Off                       ;
; Generate third-party EDA tool command script for gate-level simulation                            ; Off                       ;
+---------------------------------------------------------------------------------------------------+---------------------------+


+---------------------------------------------------------------------+
; Simulation Generated Files                                          ;
+---------------------------------------------------------------------+
; Generated Files                                                     ;
+---------------------------------------------------------------------+
; D:/Data/OneDrive/Documents/Prog/PianoHero/V1/simulation/qsim//V1.vo ;
+---------------------------------------------------------------------+


+-----------------------------+
; EDA Netlist Writer Messages ;
+-----------------------------+
Info: *******************************************************************
Info: Running Quartus Prime EDA Netlist Writer
    Info: Version 17.0.0 Build 595 04/25/2017 SJ Lite Edition
    Info: Copyright (C) 2017  Intel Corporation. All rights reserved.
    Info: Your use of Intel Corporation's design tools, logic functions 
    Info: and other software and tools, and its AMPP partner logic 
    Info: functions, and any output files from any of the foregoing 
    Info: (including device programming or simulation files), and any 
    Info: associated documentation or information are expressly subject 
    Info: to the terms and conditions of the Intel Program License 
    Info: Subscription Agreement, the Intel Quartus Prime License Agreement,
    Info: the Intel MegaCore Function License Agreement, or other 
    Info: applicable license agreement, including, without limitation, 
    Info: that your use is for the sole purpose of programming logic 
    Info: devices manufactured by Intel and sold by Intel or its 
    Info: authorized distributors.  Please refer to the applicable 
    Info: agreement for further details.
    Info: Processing started: Sat Sep 01 14:28:49 2018
Info: Command: quartus_eda --write_settings_files=off --simulation=on --functional=on --flatten_buses=off --tool=modelsim_oem --format=verilog --output_directory=D:/Data/OneDrive/Documents/Prog/PianoHero/V1/simulation/qsim/ V1 -c V1
Warning (18236): Number of processors has not been specified which may cause overloading on shared machines.  Set the global assignment NUM_PARALLEL_PROCESSORS in your QSF to an appropriate value for best performance.
Info (204001): Port "note_length[12][0]" is changed into "note_length_12_0" because it's a member of 2-D array port "note_length" File: D:/Data/OneDrive/Documents/Prog/PianoHero/V1/songDB_module/createSongs.vhd Line: 78
Info (204001): Port "note_length[12][1]" is changed into "note_length_12_1" because it's a member of 2-D array port "note_length" File: D:/Data/OneDrive/Documents/Prog/PianoHero/V1/songDB_module/createSongs.vhd Line: 78
Info (204001): Port "note_length[12][2]" is changed into "note_length_12_2" because it's a member of 2-D array port "note_length" File: D:/Data/OneDrive/Documents/Prog/PianoHero/V1/songDB_module/createSongs.vhd Line: 78
Info (204001): Port "note_length[12][3]" is changed into "note_length_12_3" because it's a member of 2-D array port "note_length" File: D:/Data/OneDrive/Documents/Prog/PianoHero/V1/songDB_module/createSongs.vhd Line: 78
Info (204001): Port "note_length[12][4]" is changed into "note_length_12_4" because it's a member of 2-D array port "note_length" File: D:/Data/OneDrive/Documents/Prog/PianoHero/V1/songDB_module/createSongs.vhd Line: 78
Info (204001): Port "note_length[12][5]" is changed into "note_length_12_5" because it's a member of 2-D array port "note_length" File: D:/Data/OneDrive/Documents/Prog/PianoHero/V1/songDB_module/createSongs.vhd Line: 78
Info (204001): Port "note_length[12][6]" is changed into "note_length_12_6" because it's a member of 2-D array port "note_length" File: D:/Data/OneDrive/Documents/Prog/PianoHero/V1/songDB_module/createSongs.vhd Line: 78
Info (204001): Port "note_length[12][7]" is changed into "note_length_12_7" because it's a member of 2-D array port "note_length" File: D:/Data/OneDrive/Documents/Prog/PianoHero/V1/songDB_module/createSongs.vhd Line: 78
Info (204001): Port "note_length[11][0]" is changed into "note_length_11_0" because it's a member of 2-D array port "note_length" File: D:/Data/OneDrive/Documents/Prog/PianoHero/V1/songDB_module/createSongs.vhd Line: 78
Info (204001): Port "note_length[11][1]" is changed into "note_length_11_1" because it's a member of 2-D array port "note_length" File: D:/Data/OneDrive/Documents/Prog/PianoHero/V1/songDB_module/createSongs.vhd Line: 78
Info (204001): Port "note_length[11][2]" is changed into "note_length_11_2" because it's a member of 2-D array port "note_length" File: D:/Data/OneDrive/Documents/Prog/PianoHero/V1/songDB_module/createSongs.vhd Line: 78
Info (204001): Port "note_length[11][3]" is changed into "note_length_11_3" because it's a member of 2-D array port "note_length" File: D:/Data/OneDrive/Documents/Prog/PianoHero/V1/songDB_module/createSongs.vhd Line: 78
Info (204001): Port "note_length[11][4]" is changed into "note_length_11_4" because it's a member of 2-D array port "note_length" File: D:/Data/OneDrive/Documents/Prog/PianoHero/V1/songDB_module/createSongs.vhd Line: 78
Info (204001): Port "note_length[11][5]" is changed into "note_length_11_5" because it's a member of 2-D array port "note_length" File: D:/Data/OneDrive/Documents/Prog/PianoHero/V1/songDB_module/createSongs.vhd Line: 78
Info (204001): Port "note_length[11][6]" is changed into "note_length_11_6" because it's a member of 2-D array port "note_length" File: D:/Data/OneDrive/Documents/Prog/PianoHero/V1/songDB_module/createSongs.vhd Line: 78
Info (204001): Port "note_length[11][7]" is changed into "note_length_11_7" because it's a member of 2-D array port "note_length" File: D:/Data/OneDrive/Documents/Prog/PianoHero/V1/songDB_module/createSongs.vhd Line: 78
Info (204001): Port "note_length[10][0]" is changed into "note_length_10_0" because it's a member of 2-D array port "note_length" File: D:/Data/OneDrive/Documents/Prog/PianoHero/V1/songDB_module/createSongs.vhd Line: 78
Info (204001): Port "note_length[10][1]" is changed into "note_length_10_1" because it's a member of 2-D array port "note_length" File: D:/Data/OneDrive/Documents/Prog/PianoHero/V1/songDB_module/createSongs.vhd Line: 78
Info (204001): Port "note_length[10][2]" is changed into "note_length_10_2" because it's a member of 2-D array port "note_length" File: D:/Data/OneDrive/Documents/Prog/PianoHero/V1/songDB_module/createSongs.vhd Line: 78
Info (204001): Port "note_length[10][3]" is changed into "note_length_10_3" because it's a member of 2-D array port "note_length" File: D:/Data/OneDrive/Documents/Prog/PianoHero/V1/songDB_module/createSongs.vhd Line: 78
Info (204001): Port "note_length[10][4]" is changed into "note_length_10_4" because it's a member of 2-D array port "note_length" File: D:/Data/OneDrive/Documents/Prog/PianoHero/V1/songDB_module/createSongs.vhd Line: 78
Info (204001): Port "note_length[10][5]" is changed into "note_length_10_5" because it's a member of 2-D array port "note_length" File: D:/Data/OneDrive/Documents/Prog/PianoHero/V1/songDB_module/createSongs.vhd Line: 78
Info (204001): Port "note_length[10][6]" is changed into "note_length_10_6" because it's a member of 2-D array port "note_length" File: D:/Data/OneDrive/Documents/Prog/PianoHero/V1/songDB_module/createSongs.vhd Line: 78
Info (204001): Port "note_length[10][7]" is changed into "note_length_10_7" because it's a member of 2-D array port "note_length" File: D:/Data/OneDrive/Documents/Prog/PianoHero/V1/songDB_module/createSongs.vhd Line: 78
Info (204001): Port "note_length[9][0]" is changed into "note_length_9_0" because it's a member of 2-D array port "note_length" File: D:/Data/OneDrive/Documents/Prog/PianoHero/V1/songDB_module/createSongs.vhd Line: 78
Info (204001): Port "note_length[9][1]" is changed into "note_length_9_1" because it's a member of 2-D array port "note_length" File: D:/Data/OneDrive/Documents/Prog/PianoHero/V1/songDB_module/createSongs.vhd Line: 78
Info (204001): Port "note_length[9][2]" is changed into "note_length_9_2" because it's a member of 2-D array port "note_length" File: D:/Data/OneDrive/Documents/Prog/PianoHero/V1/songDB_module/createSongs.vhd Line: 78
Info (204001): Port "note_length[9][3]" is changed into "note_length_9_3" because it's a member of 2-D array port "note_length" File: D:/Data/OneDrive/Documents/Prog/PianoHero/V1/songDB_module/createSongs.vhd Line: 78
Info (204001): Port "note_length[9][4]" is changed into "note_length_9_4" because it's a member of 2-D array port "note_length" File: D:/Data/OneDrive/Documents/Prog/PianoHero/V1/songDB_module/createSongs.vhd Line: 78
Info (204001): Port "note_length[9][5]" is changed into "note_length_9_5" because it's a member of 2-D array port "note_length" File: D:/Data/OneDrive/Documents/Prog/PianoHero/V1/songDB_module/createSongs.vhd Line: 78
Info (204001): Port "note_length[9][6]" is changed into "note_length_9_6" because it's a member of 2-D array port "note_length" File: D:/Data/OneDrive/Documents/Prog/PianoHero/V1/songDB_module/createSongs.vhd Line: 78
Info (204001): Port "note_length[9][7]" is changed into "note_length_9_7" because it's a member of 2-D array port "note_length" File: D:/Data/OneDrive/Documents/Prog/PianoHero/V1/songDB_module/createSongs.vhd Line: 78
Info (204001): Port "note_length[8][0]" is changed into "note_length_8_0" because it's a member of 2-D array port "note_length" File: D:/Data/OneDrive/Documents/Prog/PianoHero/V1/songDB_module/createSongs.vhd Line: 78
Info (204001): Port "note_length[8][1]" is changed into "note_length_8_1" because it's a member of 2-D array port "note_length" File: D:/Data/OneDrive/Documents/Prog/PianoHero/V1/songDB_module/createSongs.vhd Line: 78
Info (204001): Port "note_length[8][2]" is changed into "note_length_8_2" because it's a member of 2-D array port "note_length" File: D:/Data/OneDrive/Documents/Prog/PianoHero/V1/songDB_module/createSongs.vhd Line: 78
Info (204001): Port "note_length[8][3]" is changed into "note_length_8_3" because it's a member of 2-D array port "note_length" File: D:/Data/OneDrive/Documents/Prog/PianoHero/V1/songDB_module/createSongs.vhd Line: 78
Info (204001): Port "note_length[8][4]" is changed into "note_length_8_4" because it's a member of 2-D array port "note_length" File: D:/Data/OneDrive/Documents/Prog/PianoHero/V1/songDB_module/createSongs.vhd Line: 78
Info (204001): Port "note_length[8][5]" is changed into "note_length_8_5" because it's a member of 2-D array port "note_length" File: D:/Data/OneDrive/Documents/Prog/PianoHero/V1/songDB_module/createSongs.vhd Line: 78
Info (204001): Port "note_length[8][6]" is changed into "note_length_8_6" because it's a member of 2-D array port "note_length" File: D:/Data/OneDrive/Documents/Prog/PianoHero/V1/songDB_module/createSongs.vhd Line: 78
Info (204001): Port "note_length[8][7]" is changed into "note_length_8_7" because it's a member of 2-D array port "note_length" File: D:/Data/OneDrive/Documents/Prog/PianoHero/V1/songDB_module/createSongs.vhd Line: 78
Info (204001): Port "note_length[7][0]" is changed into "note_length_7_0" because it's a member of 2-D array port "note_length" File: D:/Data/OneDrive/Documents/Prog/PianoHero/V1/songDB_module/createSongs.vhd Line: 78
Info (204001): Port "note_length[7][1]" is changed into "note_length_7_1" because it's a member of 2-D array port "note_length" File: D:/Data/OneDrive/Documents/Prog/PianoHero/V1/songDB_module/createSongs.vhd Line: 78
Info (204001): Port "note_length[7][2]" is changed into "note_length_7_2" because it's a member of 2-D array port "note_length" File: D:/Data/OneDrive/Documents/Prog/PianoHero/V1/songDB_module/createSongs.vhd Line: 78
Info (204001): Port "note_length[7][3]" is changed into "note_length_7_3" because it's a member of 2-D array port "note_length" File: D:/Data/OneDrive/Documents/Prog/PianoHero/V1/songDB_module/createSongs.vhd Line: 78
Info (204001): Port "note_length[7][4]" is changed into "note_length_7_4" because it's a member of 2-D array port "note_length" File: D:/Data/OneDrive/Documents/Prog/PianoHero/V1/songDB_module/createSongs.vhd Line: 78
Info (204001): Port "note_length[7][5]" is changed into "note_length_7_5" because it's a member of 2-D array port "note_length" File: D:/Data/OneDrive/Documents/Prog/PianoHero/V1/songDB_module/createSongs.vhd Line: 78
Info (204001): Port "note_length[7][6]" is changed into "note_length_7_6" because it's a member of 2-D array port "note_length" File: D:/Data/OneDrive/Documents/Prog/PianoHero/V1/songDB_module/createSongs.vhd Line: 78
Info (204001): Port "note_length[7][7]" is changed into "note_length_7_7" because it's a member of 2-D array port "note_length" File: D:/Data/OneDrive/Documents/Prog/PianoHero/V1/songDB_module/createSongs.vhd Line: 78
Info (204001): Port "note_length[6][0]" is changed into "note_length_6_0" because it's a member of 2-D array port "note_length" File: D:/Data/OneDrive/Documents/Prog/PianoHero/V1/songDB_module/createSongs.vhd Line: 78
Info (204001): Port "note_length[6][1]" is changed into "note_length_6_1" because it's a member of 2-D array port "note_length" File: D:/Data/OneDrive/Documents/Prog/PianoHero/V1/songDB_module/createSongs.vhd Line: 78
Info (204001): Port "note_length[6][2]" is changed into "note_length_6_2" because it's a member of 2-D array port "note_length" File: D:/Data/OneDrive/Documents/Prog/PianoHero/V1/songDB_module/createSongs.vhd Line: 78
Info (204001): Port "note_length[6][3]" is changed into "note_length_6_3" because it's a member of 2-D array port "note_length" File: D:/Data/OneDrive/Documents/Prog/PianoHero/V1/songDB_module/createSongs.vhd Line: 78
Info (204001): Port "note_length[6][4]" is changed into "note_length_6_4" because it's a member of 2-D array port "note_length" File: D:/Data/OneDrive/Documents/Prog/PianoHero/V1/songDB_module/createSongs.vhd Line: 78
Info (204001): Port "note_length[6][5]" is changed into "note_length_6_5" because it's a member of 2-D array port "note_length" File: D:/Data/OneDrive/Documents/Prog/PianoHero/V1/songDB_module/createSongs.vhd Line: 78
Info (204001): Port "note_length[6][6]" is changed into "note_length_6_6" because it's a member of 2-D array port "note_length" File: D:/Data/OneDrive/Documents/Prog/PianoHero/V1/songDB_module/createSongs.vhd Line: 78
Info (204001): Port "note_length[6][7]" is changed into "note_length_6_7" because it's a member of 2-D array port "note_length" File: D:/Data/OneDrive/Documents/Prog/PianoHero/V1/songDB_module/createSongs.vhd Line: 78
Info (204001): Port "note_length[5][0]" is changed into "note_length_5_0" because it's a member of 2-D array port "note_length" File: D:/Data/OneDrive/Documents/Prog/PianoHero/V1/songDB_module/createSongs.vhd Line: 78
Info (204001): Port "note_length[5][1]" is changed into "note_length_5_1" because it's a member of 2-D array port "note_length" File: D:/Data/OneDrive/Documents/Prog/PianoHero/V1/songDB_module/createSongs.vhd Line: 78
Info (204001): Port "note_length[5][2]" is changed into "note_length_5_2" because it's a member of 2-D array port "note_length" File: D:/Data/OneDrive/Documents/Prog/PianoHero/V1/songDB_module/createSongs.vhd Line: 78
Info (204001): Port "note_length[5][3]" is changed into "note_length_5_3" because it's a member of 2-D array port "note_length" File: D:/Data/OneDrive/Documents/Prog/PianoHero/V1/songDB_module/createSongs.vhd Line: 78
Info (204001): Port "note_length[5][4]" is changed into "note_length_5_4" because it's a member of 2-D array port "note_length" File: D:/Data/OneDrive/Documents/Prog/PianoHero/V1/songDB_module/createSongs.vhd Line: 78
Info (204001): Port "note_length[5][5]" is changed into "note_length_5_5" because it's a member of 2-D array port "note_length" File: D:/Data/OneDrive/Documents/Prog/PianoHero/V1/songDB_module/createSongs.vhd Line: 78
Info (204001): Port "note_length[5][6]" is changed into "note_length_5_6" because it's a member of 2-D array port "note_length" File: D:/Data/OneDrive/Documents/Prog/PianoHero/V1/songDB_module/createSongs.vhd Line: 78
Info (204001): Port "note_length[5][7]" is changed into "note_length_5_7" because it's a member of 2-D array port "note_length" File: D:/Data/OneDrive/Documents/Prog/PianoHero/V1/songDB_module/createSongs.vhd Line: 78
Info (204001): Port "note_length[4][0]" is changed into "note_length_4_0" because it's a member of 2-D array port "note_length" File: D:/Data/OneDrive/Documents/Prog/PianoHero/V1/songDB_module/createSongs.vhd Line: 78
Info (204001): Port "note_length[4][1]" is changed into "note_length_4_1" because it's a member of 2-D array port "note_length" File: D:/Data/OneDrive/Documents/Prog/PianoHero/V1/songDB_module/createSongs.vhd Line: 78
Info (204001): Port "note_length[4][2]" is changed into "note_length_4_2" because it's a member of 2-D array port "note_length" File: D:/Data/OneDrive/Documents/Prog/PianoHero/V1/songDB_module/createSongs.vhd Line: 78
Info (204001): Port "note_length[4][3]" is changed into "note_length_4_3" because it's a member of 2-D array port "note_length" File: D:/Data/OneDrive/Documents/Prog/PianoHero/V1/songDB_module/createSongs.vhd Line: 78
Info (204001): Port "note_length[4][4]" is changed into "note_length_4_4" because it's a member of 2-D array port "note_length" File: D:/Data/OneDrive/Documents/Prog/PianoHero/V1/songDB_module/createSongs.vhd Line: 78
Info (204001): Port "note_length[4][5]" is changed into "note_length_4_5" because it's a member of 2-D array port "note_length" File: D:/Data/OneDrive/Documents/Prog/PianoHero/V1/songDB_module/createSongs.vhd Line: 78
Info (204001): Port "note_length[4][6]" is changed into "note_length_4_6" because it's a member of 2-D array port "note_length" File: D:/Data/OneDrive/Documents/Prog/PianoHero/V1/songDB_module/createSongs.vhd Line: 78
Info (204001): Port "note_length[4][7]" is changed into "note_length_4_7" because it's a member of 2-D array port "note_length" File: D:/Data/OneDrive/Documents/Prog/PianoHero/V1/songDB_module/createSongs.vhd Line: 78
Info (204001): Port "note_length[3][0]" is changed into "note_length_3_0" because it's a member of 2-D array port "note_length" File: D:/Data/OneDrive/Documents/Prog/PianoHero/V1/songDB_module/createSongs.vhd Line: 78
Info (204001): Port "note_length[3][1]" is changed into "note_length_3_1" because it's a member of 2-D array port "note_length" File: D:/Data/OneDrive/Documents/Prog/PianoHero/V1/songDB_module/createSongs.vhd Line: 78
Info (204001): Port "note_length[3][2]" is changed into "note_length_3_2" because it's a member of 2-D array port "note_length" File: D:/Data/OneDrive/Documents/Prog/PianoHero/V1/songDB_module/createSongs.vhd Line: 78
Info (204001): Port "note_length[3][3]" is changed into "note_length_3_3" because it's a member of 2-D array port "note_length" File: D:/Data/OneDrive/Documents/Prog/PianoHero/V1/songDB_module/createSongs.vhd Line: 78
Info (204001): Port "note_length[3][4]" is changed into "note_length_3_4" because it's a member of 2-D array port "note_length" File: D:/Data/OneDrive/Documents/Prog/PianoHero/V1/songDB_module/createSongs.vhd Line: 78
Info (204001): Port "note_length[3][5]" is changed into "note_length_3_5" because it's a member of 2-D array port "note_length" File: D:/Data/OneDrive/Documents/Prog/PianoHero/V1/songDB_module/createSongs.vhd Line: 78
Info (204001): Port "note_length[3][6]" is changed into "note_length_3_6" because it's a member of 2-D array port "note_length" File: D:/Data/OneDrive/Documents/Prog/PianoHero/V1/songDB_module/createSongs.vhd Line: 78
Info (204001): Port "note_length[3][7]" is changed into "note_length_3_7" because it's a member of 2-D array port "note_length" File: D:/Data/OneDrive/Documents/Prog/PianoHero/V1/songDB_module/createSongs.vhd Line: 78
Info (204001): Port "note_length[2][0]" is changed into "note_length_2_0" because it's a member of 2-D array port "note_length" File: D:/Data/OneDrive/Documents/Prog/PianoHero/V1/songDB_module/createSongs.vhd Line: 78
Info (204001): Port "note_length[2][1]" is changed into "note_length_2_1" because it's a member of 2-D array port "note_length" File: D:/Data/OneDrive/Documents/Prog/PianoHero/V1/songDB_module/createSongs.vhd Line: 78
Info (204001): Port "note_length[2][2]" is changed into "note_length_2_2" because it's a member of 2-D array port "note_length" File: D:/Data/OneDrive/Documents/Prog/PianoHero/V1/songDB_module/createSongs.vhd Line: 78
Info (204001): Port "note_length[2][3]" is changed into "note_length_2_3" because it's a member of 2-D array port "note_length" File: D:/Data/OneDrive/Documents/Prog/PianoHero/V1/songDB_module/createSongs.vhd Line: 78
Info (204001): Port "note_length[2][4]" is changed into "note_length_2_4" because it's a member of 2-D array port "note_length" File: D:/Data/OneDrive/Documents/Prog/PianoHero/V1/songDB_module/createSongs.vhd Line: 78
Info (204001): Port "note_length[2][5]" is changed into "note_length_2_5" because it's a member of 2-D array port "note_length" File: D:/Data/OneDrive/Documents/Prog/PianoHero/V1/songDB_module/createSongs.vhd Line: 78
Info (204001): Port "note_length[2][6]" is changed into "note_length_2_6" because it's a member of 2-D array port "note_length" File: D:/Data/OneDrive/Documents/Prog/PianoHero/V1/songDB_module/createSongs.vhd Line: 78
Info (204001): Port "note_length[2][7]" is changed into "note_length_2_7" because it's a member of 2-D array port "note_length" File: D:/Data/OneDrive/Documents/Prog/PianoHero/V1/songDB_module/createSongs.vhd Line: 78
Info (204001): Port "note_length[1][0]" is changed into "note_length_1_0" because it's a member of 2-D array port "note_length" File: D:/Data/OneDrive/Documents/Prog/PianoHero/V1/songDB_module/createSongs.vhd Line: 78
Info (204001): Port "note_length[1][1]" is changed into "note_length_1_1" because it's a member of 2-D array port "note_length" File: D:/Data/OneDrive/Documents/Prog/PianoHero/V1/songDB_module/createSongs.vhd Line: 78
Info (204001): Port "note_length[1][2]" is changed into "note_length_1_2" because it's a member of 2-D array port "note_length" File: D:/Data/OneDrive/Documents/Prog/PianoHero/V1/songDB_module/createSongs.vhd Line: 78
Info (204001): Port "note_length[1][3]" is changed into "note_length_1_3" because it's a member of 2-D array port "note_length" File: D:/Data/OneDrive/Documents/Prog/PianoHero/V1/songDB_module/createSongs.vhd Line: 78
Info (204001): Port "note_length[1][4]" is changed into "note_length_1_4" because it's a member of 2-D array port "note_length" File: D:/Data/OneDrive/Documents/Prog/PianoHero/V1/songDB_module/createSongs.vhd Line: 78
Info (204001): Port "note_length[1][5]" is changed into "note_length_1_5" because it's a member of 2-D array port "note_length" File: D:/Data/OneDrive/Documents/Prog/PianoHero/V1/songDB_module/createSongs.vhd Line: 78
Info (204001): Port "note_length[1][6]" is changed into "note_length_1_6" because it's a member of 2-D array port "note_length" File: D:/Data/OneDrive/Documents/Prog/PianoHero/V1/songDB_module/createSongs.vhd Line: 78
Info (204001): Port "note_length[1][7]" is changed into "note_length_1_7" because it's a member of 2-D array port "note_length" File: D:/Data/OneDrive/Documents/Prog/PianoHero/V1/songDB_module/createSongs.vhd Line: 78
Info (204001): Port "note_length[0][0]" is changed into "note_length_0_0" because it's a member of 2-D array port "note_length" File: D:/Data/OneDrive/Documents/Prog/PianoHero/V1/songDB_module/createSongs.vhd Line: 78
Info (204001): Port "note_length[0][1]" is changed into "note_length_0_1" because it's a member of 2-D array port "note_length" File: D:/Data/OneDrive/Documents/Prog/PianoHero/V1/songDB_module/createSongs.vhd Line: 78
Info (204001): Port "note_length[0][2]" is changed into "note_length_0_2" because it's a member of 2-D array port "note_length" File: D:/Data/OneDrive/Documents/Prog/PianoHero/V1/songDB_module/createSongs.vhd Line: 78
Info (204001): Port "note_length[0][3]" is changed into "note_length_0_3" because it's a member of 2-D array port "note_length" File: D:/Data/OneDrive/Documents/Prog/PianoHero/V1/songDB_module/createSongs.vhd Line: 78
Info (204001): Port "note_length[0][4]" is changed into "note_length_0_4" because it's a member of 2-D array port "note_length" File: D:/Data/OneDrive/Documents/Prog/PianoHero/V1/songDB_module/createSongs.vhd Line: 78
Info (204001): Port "note_length[0][5]" is changed into "note_length_0_5" because it's a member of 2-D array port "note_length" File: D:/Data/OneDrive/Documents/Prog/PianoHero/V1/songDB_module/createSongs.vhd Line: 78
Info (204001): Port "note_length[0][6]" is changed into "note_length_0_6" because it's a member of 2-D array port "note_length" File: D:/Data/OneDrive/Documents/Prog/PianoHero/V1/songDB_module/createSongs.vhd Line: 78
Info (204001): Port "note_length[0][7]" is changed into "note_length_0_7" because it's a member of 2-D array port "note_length" File: D:/Data/OneDrive/Documents/Prog/PianoHero/V1/songDB_module/createSongs.vhd Line: 78
Info (204019): Generated file V1.vo in folder "D:/Data/OneDrive/Documents/Prog/PianoHero/V1/simulation/qsim//" for EDA simulation tool
Info: Quartus Prime EDA Netlist Writer was successful. 0 errors, 1 warning
    Info: Peak virtual memory: 4729 megabytes
    Info: Processing ended: Sat Sep 01 14:28:51 2018
    Info: Elapsed time: 00:00:02
    Info: Total CPU time (on all processors): 00:00:01


