Analysis & Elaboration report for V1
Wed Aug 29 14:13:54 2018
Quartus Prime Version 17.0.0 Build 595 04/25/2017 SJ Standard Edition


---------------------
; Table of Contents ;
---------------------
  1. Legal Notice
  2. Analysis & Elaboration Summary
  3. Parallel Compilation
  4. Analysis & Elaboration Settings
  5. Analysis & Elaboration Messages



----------------
; Legal Notice ;
----------------
Copyright (C) 2017  Intel Corporation. All rights reserved.
Your use of Intel Corporation's design tools, logic functions 
and other software and tools, and its AMPP partner logic 
functions, and any output files from any of the foregoing 
(including device programming or simulation files), and any 
associated documentation or information are expressly subject 
to the terms and conditions of the Intel Program License 
Subscription Agreement, the Intel Quartus Prime License Agreement,
the Intel MegaCore Function License Agreement, or other 
applicable license agreement, including, without limitation, 
that your use is for the sole purpose of programming logic 
devices manufactured by Intel and sold by Intel or its 
authorized distributors.  Please refer to the applicable 
agreement for further details.



+---------------------------------------------------------------------------------+
; Analysis & Elaboration Summary                                                  ;
+-------------------------------+-------------------------------------------------+
; Analysis & Elaboration Status ; Failed - Wed Aug 29 14:13:54 2018               ;
; Quartus Prime Version         ; 17.0.0 Build 595 04/25/2017 SJ Standard Edition ;
; Revision Name                 ; V1                                              ;
; Top-level Entity Name         ; TOP_module_diag                                 ;
; Family                        ; Cyclone V                                       ;
; Logic utilization (in ALMs)   ; N/A until Partition Merge                       ;
; Total registers               ; N/A until Partition Merge                       ;
; Total pins                    ; N/A until Partition Merge                       ;
; Total virtual pins            ; N/A until Partition Merge                       ;
; Total block memory bits       ; N/A until Partition Merge                       ;
; Total PLLs                    ; N/A until Partition Merge                       ;
; Total DLLs                    ; N/A until Partition Merge                       ;
+-------------------------------+-------------------------------------------------+


+------------------------------------------+
; Parallel Compilation                     ;
+----------------------------+-------------+
; Processors                 ; Number      ;
+----------------------------+-------------+
; Number detected on machine ; 8           ;
; Maximum allowed            ; 4           ;
;                            ;             ;
; Average used               ; 1.00        ;
; Maximum used               ; 1           ;
;                            ;             ;
; Usage by Processor         ; % Time Used ;
;     Processor 1            ; 100.0%      ;
+----------------------------+-------------+


+---------------------------------------------------------------------------------------------------------------------------+
; Analysis & Elaboration Settings                                                                                           ;
+---------------------------------------------------------------------------------+--------------------+--------------------+
; Option                                                                          ; Setting            ; Default Value      ;
+---------------------------------------------------------------------------------+--------------------+--------------------+
; Device                                                                          ; 5CSXFC6D6F31C6     ;                    ;
; Top-level entity name                                                           ; TOP_module_diag    ; V1                 ;
; Family name                                                                     ; Cyclone V          ; Cyclone V          ;
; Use smart compilation                                                           ; Off                ; Off                ;
; Enable parallel Assembler and TimeQuest Timing Analyzer during compilation      ; On                 ; On                 ;
; Enable compact report table                                                     ; Off                ; Off                ;
; Restructure Multiplexers                                                        ; Auto               ; Auto               ;
; MLAB Add Timing Constraints For Mixed-Port Feed-Through Mode Setting Don't Care ; Off                ; Off                ;
; Create Debugging Nodes for IP Cores                                             ; Off                ; Off                ;
; Preserve fewer node names                                                       ; On                 ; On                 ;
; OpenCore Plus hardware evaluation                                               ; Enable             ; Enable             ;
; Verilog Version                                                                 ; Verilog_2001       ; Verilog_2001       ;
; VHDL Version                                                                    ; VHDL_1993          ; VHDL_1993          ;
; State Machine Processing                                                        ; Auto               ; Auto               ;
; Safe State Machine                                                              ; Off                ; Off                ;
; Extract Verilog State Machines                                                  ; On                 ; On                 ;
; Extract VHDL State Machines                                                     ; On                 ; On                 ;
; Ignore Verilog initial constructs                                               ; Off                ; Off                ;
; Iteration limit for constant Verilog loops                                      ; 5000               ; 5000               ;
; Iteration limit for non-constant Verilog loops                                  ; 250                ; 250                ;
; Add Pass-Through Logic to Inferred RAMs                                         ; On                 ; On                 ;
; Infer RAMs from Raw Logic                                                       ; On                 ; On                 ;
; Parallel Synthesis                                                              ; On                 ; On                 ;
; DSP Block Balancing                                                             ; Auto               ; Auto               ;
; NOT Gate Push-Back                                                              ; On                 ; On                 ;
; Power-Up Don't Care                                                             ; On                 ; On                 ;
; Remove Redundant Logic Cells                                                    ; Off                ; Off                ;
; Remove Duplicate Registers                                                      ; On                 ; On                 ;
; Ignore CARRY Buffers                                                            ; Off                ; Off                ;
; Ignore CASCADE Buffers                                                          ; Off                ; Off                ;
; Ignore GLOBAL Buffers                                                           ; Off                ; Off                ;
; Ignore ROW GLOBAL Buffers                                                       ; Off                ; Off                ;
; Ignore LCELL Buffers                                                            ; Off                ; Off                ;
; Ignore SOFT Buffers                                                             ; On                 ; On                 ;
; Limit AHDL Integers to 32 Bits                                                  ; Off                ; Off                ;
; Optimization Technique                                                          ; Balanced           ; Balanced           ;
; Carry Chain Length                                                              ; 70                 ; 70                 ;
; Auto Carry Chains                                                               ; On                 ; On                 ;
; Auto Open-Drain Pins                                                            ; On                 ; On                 ;
; Perform WYSIWYG Primitive Resynthesis                                           ; Off                ; Off                ;
; Auto ROM Replacement                                                            ; On                 ; On                 ;
; Auto RAM Replacement                                                            ; On                 ; On                 ;
; Auto DSP Block Replacement                                                      ; On                 ; On                 ;
; Auto Shift Register Replacement                                                 ; Auto               ; Auto               ;
; Allow Shift Register Merging across Hierarchies                                 ; Auto               ; Auto               ;
; Auto Clock Enable Replacement                                                   ; On                 ; On                 ;
; Strict RAM Replacement                                                          ; Off                ; Off                ;
; Allow Synchronous Control Signals                                               ; On                 ; On                 ;
; Force Use of Synchronous Clear Signals                                          ; Off                ; Off                ;
; Auto Resource Sharing                                                           ; Off                ; Off                ;
; Allow Any RAM Size For Recognition                                              ; Off                ; Off                ;
; Allow Any ROM Size For Recognition                                              ; Off                ; Off                ;
; Allow Any Shift Register Size For Recognition                                   ; Off                ; Off                ;
; Use LogicLock Constraints during Resource Balancing                             ; On                 ; On                 ;
; Ignore translate_off and synthesis_off directives                               ; Off                ; Off                ;
; Timing-Driven Synthesis                                                         ; On                 ; On                 ;
; Report Parameter Settings                                                       ; On                 ; On                 ;
; Report Source Assignments                                                       ; On                 ; On                 ;
; Report Connectivity Checks                                                      ; On                 ; On                 ;
; Ignore Maximum Fan-Out Assignments                                              ; Off                ; Off                ;
; Synchronization Register Chain Length                                           ; 3                  ; 3                  ;
; PowerPlay Power Optimization During Synthesis                                   ; Normal compilation ; Normal compilation ;
; HDL message level                                                               ; Level2             ; Level2             ;
; Suppress Register Optimization Related Messages                                 ; Off                ; Off                ;
; Number of Removed Registers Reported in Synthesis Report                        ; 5000               ; 5000               ;
; Number of Swept Nodes Reported in Synthesis Report                              ; 5000               ; 5000               ;
; Number of Inverted Registers Reported in Synthesis Report                       ; 100                ; 100                ;
; Clock MUX Protection                                                            ; On                 ; On                 ;
; Auto Gated Clock Conversion                                                     ; Off                ; Off                ;
; Block Design Naming                                                             ; Auto               ; Auto               ;
; SDC constraint protection                                                       ; Off                ; Off                ;
; Synthesis Effort                                                                ; Auto               ; Auto               ;
; Shift Register Replacement - Allow Asynchronous Clear Signal                    ; On                 ; On                 ;
; Pre-Mapping Resynthesis Optimization                                            ; Off                ; Off                ;
; Analysis & Synthesis Message Level                                              ; Medium             ; Medium             ;
; Disable Register Merging Across Hierarchies                                     ; Auto               ; Auto               ;
; Resource Aware Inference For Block RAM                                          ; On                 ; On                 ;
; Automatic Parallel Synthesis                                                    ; On                 ; On                 ;
; Partial Reconfiguration Bitstream ID                                            ; Off                ; Off                ;
+---------------------------------------------------------------------------------+--------------------+--------------------+


+---------------------------------+
; Analysis & Elaboration Messages ;
+---------------------------------+
Info: *******************************************************************
Info: Running Quartus Prime Analysis & Elaboration
    Info: Version 17.0.0 Build 595 04/25/2017 SJ Standard Edition
    Info: Processing started: Wed Aug 29 14:13:44 2018
Info: Command: quartus_map --read_settings_files=on --write_settings_files=off V1 -c V1 --analysis_and_elaboration
Warning (18236): Number of processors has not been specified which may cause overloading on shared machines.  Set the global assignment NUM_PARALLEL_PROCESSORS in your QSF to an appropriate value for best performance.
Info (20030): Parallel compilation is enabled and will use 4 of the 4 processors detected
Info (12021): Found 1 design units, including 1 entities, in source file graphics_module/note_module.bdf
    Info (12023): Found entity 1: note_module
Info (12021): Found 2 design units, including 1 entities, in source file graphics_module/note_controller.vhd
    Info (12022): Found design unit 1: note_controller-arc_note_controller File: C:/Users/maa3/Desktop/PianoHero-master/V1/graphics_module/note_controller.vhd Line: 15
    Info (12023): Found entity 1: note_controller File: C:/Users/maa3/Desktop/PianoHero-master/V1/graphics_module/note_controller.vhd Line: 6
Info (12021): Found 2 design units, including 1 entities, in source file score_mudole/score.vhd
    Info (12022): Found design unit 1: score-arc_score File: C:/Users/maa3/Desktop/PianoHero-master/V1/score_mudole/score.vhd Line: 18
    Info (12023): Found entity 1: score File: C:/Users/maa3/Desktop/PianoHero-master/V1/score_mudole/score.vhd Line: 6
Info (12021): Found 2 design units, including 1 entities, in source file score_mudole/hexss.vhd
    Info (12022): Found design unit 1: HEXSS-arc_HEXSS File: C:/Users/maa3/Desktop/PianoHero-master/V1/score_mudole/HEXSS.vhd Line: 10
    Info (12023): Found entity 1: HEXSS File: C:/Users/maa3/Desktop/PianoHero-master/V1/score_mudole/HEXSS.vhd Line: 4
Info (12021): Found 2 design units, including 1 entities, in source file top/play_controller.vhd
    Info (12022): Found design unit 1: play_controller-arc_play_controller File: C:/Users/maa3/Desktop/PianoHero-master/V1/TOP/play_controller.vhd Line: 12
    Info (12023): Found entity 1: play_controller File: C:/Users/maa3/Desktop/PianoHero-master/V1/TOP/play_controller.vhd Line: 6
Info (12021): Found 2 design units, including 1 entities, in source file keyboard_mudole/lpf.vhd
    Info (12022): Found design unit 1: lpf-arc_lpf File: C:/Users/maa3/Desktop/PianoHero-master/V1/keyboard_mudole/lpf.vhd Line: 16
    Info (12023): Found entity 1: lpf File: C:/Users/maa3/Desktop/PianoHero-master/V1/keyboard_mudole/lpf.vhd Line: 10
Info (12021): Found 2 design units, including 1 entities, in source file keyboard_mudole/key_chooser.vhd
    Info (12022): Found design unit 1: key_chooser-arc_key_chooser File: C:/Users/maa3/Desktop/PianoHero-master/V1/keyboard_mudole/key_chooser.vhd Line: 16
    Info (12023): Found entity 1: key_chooser File: C:/Users/maa3/Desktop/PianoHero-master/V1/keyboard_mudole/key_chooser.vhd Line: 4
Info (12021): Found 2 design units, including 1 entities, in source file keyboard_mudole/kbdintf.vhd
    Info (12022): Found design unit 1: KBDINTF-bdf_type File: C:/Users/maa3/Desktop/PianoHero-master/V1/keyboard_mudole/KBDINTF.vhd Line: 38
    Info (12023): Found entity 1: KBDINTF File: C:/Users/maa3/Desktop/PianoHero-master/V1/keyboard_mudole/KBDINTF.vhd Line: 25
Info (12021): Found 2 design units, including 1 entities, in source file keyboard_mudole/byterec.vhd
    Info (12022): Found design unit 1: byterec-arc_byterec File: C:/Users/maa3/Desktop/PianoHero-master/V1/keyboard_mudole/byterec.vhd Line: 28
    Info (12023): Found entity 1: byterec File: C:/Users/maa3/Desktop/PianoHero-master/V1/keyboard_mudole/byterec.vhd Line: 18
Info (12021): Found 2 design units, including 1 entities, in source file keyboard_mudole/bitrec.vhd
    Info (12022): Found design unit 1: bitrec-arc_bitrec File: C:/Users/maa3/Desktop/PianoHero-master/V1/keyboard_mudole/bitrec.vhd Line: 17
    Info (12023): Found entity 1: bitrec File: C:/Users/maa3/Desktop/PianoHero-master/V1/keyboard_mudole/bitrec.vhd Line: 8
Info (12021): Found 2 design units, including 1 entities, in source file graphics_module/vga_controller.vhd
    Info (12022): Found design unit 1: VGA_Controller-behav File: C:/Users/maa3/Desktop/PianoHero-master/V1/graphics_module/VGA_Controller.vhd Line: 32
    Info (12023): Found entity 1: VGA_Controller File: C:/Users/maa3/Desktop/PianoHero-master/V1/graphics_module/VGA_Controller.vhd Line: 7
Info (12021): Found 2 design units, including 1 entities, in source file graphics_module/objects_mux.vhd
    Info (12022): Found design unit 1: objects_mux-behav File: C:/Users/maa3/Desktop/PianoHero-master/V1/graphics_module/objects_mux.vhd Line: 25
    Info (12023): Found entity 1: objects_mux File: C:/Users/maa3/Desktop/PianoHero-master/V1/graphics_module/objects_mux.vhd Line: 8
Info (12021): Found 2 design units, including 1 entities, in source file graphics_module/note_print.vhd
    Info (12022): Found design unit 1: note_print-behav File: C:/Users/maa3/Desktop/PianoHero-master/V1/graphics_module/note_print.vhd Line: 25
    Info (12023): Found entity 1: note_print File: C:/Users/maa3/Desktop/PianoHero-master/V1/graphics_module/note_print.vhd Line: 9
Info (12021): Found 1 design units, including 1 entities, in source file sound_module/audio_codec_controller.qxp
    Info (12023): Found entity 1: audio_codec_controller File: C:/Users/maa3/Desktop/PianoHero-master/V1/sound_module/audio_codec_controller.qxp Line: -1
Info (12021): Found 1 design units, including 1 entities, in source file sound_module/audio_module_diag.bdf
    Info (12023): Found entity 1: audio_module_diag
Error (10500): VHDL syntax error at SinTable.vhd(34) near text ")";  expecting "(", or an identifier, or  unary operator File: C:/Users/maa3/Desktop/PianoHero-master/V1/sound_module/SinTable.vhd Line: 34
Error (10500): VHDL syntax error at SinTable.vhd(41) near text "elsif";  expecting "begin", or a declaration statement File: C:/Users/maa3/Desktop/PianoHero-master/V1/sound_module/SinTable.vhd Line: 41
Info (12021): Found 0 design units, including 0 entities, in source file sound_module/sintable.vhd
Info (12021): Found 2 design units, including 1 entities, in source file sound_module/addr_counter.vhd
    Info (12022): Found design unit 1: addr_counter-addr_counter_arch File: C:/Users/maa3/Desktop/PianoHero-master/V1/sound_module/addr_counter.vhd Line: 22
    Info (12023): Found entity 1: addr_counter File: C:/Users/maa3/Desktop/PianoHero-master/V1/sound_module/addr_counter.vhd Line: 7
Info (12021): Found 2 design units, including 1 entities, in source file sound_module/sound_freq_gen.vhd
    Info (12022): Found design unit 1: sound_freq_gen-arc_sound_freq_gen File: C:/Users/maa3/Desktop/PianoHero-master/V1/sound_module/sound_freq_gen.vhd Line: 10
    Info (12023): Found entity 1: sound_freq_gen File: C:/Users/maa3/Desktop/PianoHero-master/V1/sound_module/sound_freq_gen.vhd Line: 4
Info (12021): Found 1 design units, including 1 entities, in source file graphics_module/graphics_module_diag.bdf
    Info (12023): Found entity 1: graphics_module_diag
Info (12021): Found 2 design units, including 1 entities, in source file graphics_module/back_ground_draw.vhd
    Info (12022): Found design unit 1: back_ground_draw-behav File: C:/Users/maa3/Desktop/PianoHero-master/V1/graphics_module/back_ground_draw.vhd Line: 20
    Info (12023): Found entity 1: back_ground_draw File: C:/Users/maa3/Desktop/PianoHero-master/V1/graphics_module/back_ground_draw.vhd Line: 9
Info (12021): Found 2 design units, including 1 entities, in source file graphics_module/note_move.vhd
    Info (12022): Found design unit 1: note_move-behav File: C:/Users/maa3/Desktop/PianoHero-master/V1/graphics_module/note_move.vhd Line: 24
    Info (12023): Found entity 1: note_move File: C:/Users/maa3/Desktop/PianoHero-master/V1/graphics_module/note_move.vhd Line: 9
Info (12021): Found 1 design units, including 1 entities, in source file keyboard_mudole/keyboard_module_diag.bdf
    Info (12023): Found entity 1: keyboard_module_diag
Info (12021): Found 2 design units, including 1 entities, in source file sound_module/sound_chooser.vhd
    Info (12022): Found design unit 1: sound_chooser-arc_sound_chooser File: C:/Users/maa3/Desktop/PianoHero-master/V1/sound_module/sound_chooser.vhd Line: 14
    Info (12023): Found entity 1: sound_chooser File: C:/Users/maa3/Desktop/PianoHero-master/V1/sound_module/sound_chooser.vhd Line: 6
Info (12021): Found 2 design units, including 1 entities, in source file sound_module/errtable.vhd
    Info (12022): Found design unit 1: errtable-arch File: C:/Users/maa3/Desktop/PianoHero-master/V1/sound_module/errTable.vhd Line: 21
    Info (12023): Found entity 1: errtable File: C:/Users/maa3/Desktop/PianoHero-master/V1/sound_module/errTable.vhd Line: 12
Info (12021): Found 1 design units, including 1 entities, in source file top/top_module_diag.bdf
    Info (12023): Found entity 1: TOP_module_diag
Info (12021): Found 1 design units, including 1 entities, in source file score_mudole/score_module_diag.bdf
    Info (12023): Found entity 1: score_module_diag
Info (12021): Found 2 design units, including 1 entities, in source file songdb_module/testsong.vhd
    Info (12022): Found design unit 1: testSong-arch File: C:/Users/maa3/Desktop/PianoHero-master/V1/songDB_module/testSong.vhd Line: 22
    Info (12023): Found entity 1: testSong File: C:/Users/maa3/Desktop/PianoHero-master/V1/songDB_module/testSong.vhd Line: 12
Info (12021): Found 2 design units, including 1 entities, in source file sound_module/vrise.vhd
    Info (12022): Found design unit 1: vrise-arc_vrise File: C:/Users/maa3/Desktop/PianoHero-master/V1/sound_module/vrise.vhd Line: 10
    Info (12023): Found entity 1: vrise File: C:/Users/maa3/Desktop/PianoHero-master/V1/sound_module/vrise.vhd Line: 5
Error: Quartus Prime Analysis & Elaboration was unsuccessful. 2 errors, 1 warning
    Error: Peak virtual memory: 710 megabytes
    Error: Processing ended: Wed Aug 29 14:13:54 2018
    Error: Elapsed time: 00:00:10
    Error: Total CPU time (on all processors): 00:00:20


